Mar 14, 2016 9:52:39 PM com.jme3.system.JmeDesktopSystem initialize
INFO: Running on jMonkeyEngine 3.0.10
Mar 14, 2016 9:52:39 PM com.jme3.system.Natives extractNativeLibs
INFO: Extraction Directory: C:\projects\voxelcascade
Mar 14, 2016 9:52:40 PM com.jme3.system.lwjgl.LwjglContext printContextInitInfo
INFO: Lwjgl 2.9.0 context running on thread LWJGL Renderer Thread
Mar 14, 2016 9:52:40 PM com.jme3.system.lwjgl.LwjglContext printContextInitInfo
INFO: Adapter: igdumdim64
Mar 14, 2016 9:52:40 PM com.jme3.system.lwjgl.LwjglContext printContextInitInfo
INFO: Driver Version: 10.18.10.3308
Mar 14, 2016 9:52:40 PM com.jme3.system.lwjgl.LwjglContext printContextInitInfo
INFO: Vendor: Intel
Mar 14, 2016 9:52:40 PM com.jme3.system.lwjgl.LwjglContext printContextInitInfo
INFO: OpenGL Version: 4.0.0 - Build 10.18.10.3308
Mar 14, 2016 9:52:40 PM com.jme3.system.lwjgl.LwjglContext printContextInitInfo
INFO: Renderer: Intel(R) HD Graphics
Mar 14, 2016 9:52:40 PM com.jme3.system.lwjgl.LwjglContext printContextInitInfo
INFO: GLSL Ver: 4.00 - Build 10.18.10.3308
Mar 14, 2016 9:52:40 PM com.jme3.asset.AssetConfig loadText
WARNING: Cannot find loader com.jme3.audio.plugins.OGGLoader
Mar 14, 2016 9:52:40 PM com.jme3.asset.AssetConfig loadText
WARNING: Cannot find loader com.jme3.scene.plugins.ogre.MeshLoader
Mar 14, 2016 9:52:40 PM com.jme3.asset.AssetConfig loadText
WARNING: Cannot find loader com.jme3.scene.plugins.ogre.SkeletonLoader
Mar 14, 2016 9:52:40 PM com.jme3.asset.AssetConfig loadText
WARNING: Cannot find loader com.jme3.scene.plugins.ogre.MaterialLoader
Mar 14, 2016 9:52:40 PM com.jme3.asset.AssetConfig loadText
WARNING: Cannot find loader com.jme3.scene.plugins.ogre.SceneLoader
Mar 14, 2016 9:52:40 PM com.jme3.asset.AssetConfig loadText
WARNING: Cannot find loader com.jme3.scene.plugins.blender.BlenderModelLoader
Mar 14, 2016 9:52:40 PM com.jme3.audio.lwjgl.LwjglAudioRenderer initInThread
INFO: Audio Device: OpenAL Soft
Mar 14, 2016 9:52:40 PM com.jme3.audio.lwjgl.LwjglAudioRenderer initInThread
INFO: Audio Vendor: OpenAL Community
Mar 14, 2016 9:52:40 PM com.jme3.audio.lwjgl.LwjglAudioRenderer initInThread
INFO: Audio Renderer: OpenAL Soft
Mar 14, 2016 9:52:40 PM com.jme3.audio.lwjgl.LwjglAudioRenderer initInThread
INFO: Audio Version: 1.1 ALSOFT 1.15.1
Mar 14, 2016 9:52:40 PM com.jme3.audio.lwjgl.LwjglAudioRenderer initInThread
INFO: AudioRenderer supports 64 channels
Mar 14, 2016 9:52:40 PM com.jme3.audio.lwjgl.LwjglAudioRenderer initInThread
INFO: Audio effect extension version: 1.0
Mar 14, 2016 9:52:40 PM com.jme3.audio.lwjgl.LwjglAudioRenderer initInThread
INFO: Audio max auxilary sends: 4
Mar 14, 2016 9:52:41 PM com.omnicrola.voxel.data.GameXmlDataParser loadLevels
INFO: Loading levels from 'Data/levels'
Mar 14, 2016 9:52:41 PM com.omnicrola.voxel.data.JarFolderReader getFiles
INFO: Loading from JAR
Mar 14, 2016 9:52:41 PM com.omnicrola.voxel.data.GameXmlDataParser loadLevels
INFO: Found 2 files in level directory
Mar 14, 2016 9:52:41 PM com.jme3.app.Application handleError
SEVERE: Uncaught exception thrown in Thread[LWJGL Renderer Thread,5,main]
java.lang.IllegalArgumentException: is parameter must not be null
	at javax.xml.bind.helpers.AbstractUnmarshallerImpl.unmarshal(Unknown Source)
	at com.omnicrola.voxel.data.GameXmlDataParser.loadSingleLevel(GameXmlDataParser.java:82)
	at com.omnicrola.voxel.data.GameXmlDataParser.lambda$loadLevels$47(GameXmlDataParser.java:69)
	at com.omnicrola.voxel.data.GameXmlDataParser$$Lambda$5/1522656614.apply(Unknown Source)
	at java.util.stream.ReferencePipeline$3$1.accept(Unknown Source)
	at java.util.stream.ReferencePipeline$3$1.accept(Unknown Source)
	at java.util.stream.ReferencePipeline$2$1.accept(Unknown Source)
	at java.util.ArrayList$ArrayListSpliterator.forEachRemaining(Unknown Source)
	at java.util.stream.AbstractPipeline.copyInto(Unknown Source)
	at java.util.stream.AbstractPipeline.wrapAndCopyInto(Unknown Source)
	at java.util.stream.ReduceOps$ReduceOp.evaluateSequential(Unknown Source)
	at java.util.stream.AbstractPipeline.evaluate(Unknown Source)
	at java.util.stream.ReferencePipeline.collect(Unknown Source)
	at com.omnicrola.voxel.data.GameXmlDataParser.loadLevels(GameXmlDataParser.java:70)
	at com.omnicrola.voxel.main.init.VoxelGameEngineInitializer.buildInitializationContainer(VoxelGameEngineInitializer.java:86)
	at com.omnicrola.voxel.main.init.VoxelGameEngineInitializer.initialize(VoxelGameEngineInitializer.java:69)
	at com.omnicrola.voxel.engine.VoxelGameEngine.simpleInitApp(VoxelGameEngine.java:54)
	at com.jme3.app.SimpleApplication.initialize(SimpleApplication.java:226)
	at com.jme3.system.lwjgl.LwjglAbstractDisplay.initInThread(LwjglAbstractDisplay.java:130)
	at com.jme3.system.lwjgl.LwjglAbstractDisplay.run(LwjglAbstractDisplay.java:207)
	at java.lang.Thread.run(Unknown Source)

